+ set -v

# Load module with icc compiler
module load intel
+ module load intel
+ local _mlredir=0
+ '[' -n '' ']'
+ case " $@ " in
+ '[' 0 -eq 0 ']'
+ _module_raw load intel
++ /usr/bin/tclsh /apps/modules/modulecmd.tcl bash load intel
+ eval ''
+ _mlstatus=0
+ return 0
module load likwid/5.3.0
+ module load likwid/5.3.0
+ local _mlredir=0
+ '[' -n '' ']'
+ case " $@ " in
+ '[' 0 -eq 0 ']'
+ _module_raw load likwid/5.3.0
++ /usr/bin/tclsh /apps/modules/modulecmd.tcl bash load likwid/5.3.0
+ eval ''
+ _mlstatus=0
+ return 0
# module load cuda

srun likwid-pin -c E:S0:10:1:1 ../bin/stream >stream_on_cpu.csv
+ srun likwid-pin -c E:S0:10:1:1 ../bin/stream
Failed to parse cpulist E:S0:10:1:1
srun: error: tg080: task 0: Exited with exit code 1
srun: launch/slurm: _step_signal: Terminating StepId=748442.0
# srun ../bin/stream_gpu >stream_on_gpu.csv

touch ready
+ touch ready
