### Starting TaskPrologue of job 2240657 on m0334 at Sat Dec 30 11:38:50 CET 2023
#   SLURM_JOB_NODELIST=m0334
#   SLURM_JOB_NUM_NODES=1
#   SLURM_NTASKS=1
#   SLURM_NPROCS=1
#   SLURM_TASKS_PER_NODE=1
#   SLURM_JOB_CPUS_PER_NODE=20
#   SLURM_EXPORT_ENV=
Running on cores 0-19 with governor ondemand
### Finished TaskPrologue
=== JOB_STATISTICS ===
=== current date     : Sat Dec 30 11:38:55 CET 2023
= Job-ID             : 2240657 on meggie
= Job-Name           : CA_EX6_jacobi
= Job-Command        : ./meggie.sh
= Initial workdir    : /home/hpc/rzku/hpcv720h/ex_06/jacobi/scripts
= Queue/Partition    : work
= Slurm account      : rzku with QOS=normal
= Requested resources: cpu=20,node=1,billing=20 for 02:00:00
= Elapsed runtime    : 00:00:06
= Total RAM usage    : 0.0 GiB 
= Node list          : m0334
= Subm/Elig/Start/End: 2023-12-30T11:38:49 / 2023-12-30T11:38:49 / 2023-12-30T11:38:49 / 2023-12-30T11:38:55
======================
=== Quota infos ======
    Path              Used     SoftQ    HardQ    Gracetime  Filec    FileQ    FiHaQ    FileGrace    
    /home/hpc         1030.8M    52.4G   104.9G        N/A   6,280      500K   1,000K        N/A    
    /home/vault          0.0K   524.3G  1048.6G        N/A       1      200K     400K        N/A    
======================
