### Starting TaskPrologue of job 2227730 on m0101 at Sun Dec 10 12:16:43 CET 2023
#   SLURM_JOB_NODELIST=m0101
#   SLURM_JOB_NUM_NODES=1
#   SLURM_NTASKS=1
#   SLURM_NPROCS=1
#   SLURM_TASKS_PER_NODE=1
#   SLURM_JOB_CPUS_PER_NODE=20
#   SLURM_EXPORT_ENV=
Running on cores 0-19 with governor ondemand
### Finished TaskPrologue
=== JOB_STATISTICS ===
=== current date     : Sun Dec 10 12:20:08 CET 2023
= Job-ID             : 2227730 on meggie
= Job-Name           : CA_EX4_jacobi
= Job-Command        : ./meggie.sh
= Initial workdir    : /home/hpc/rzku/hpcv720h/ex_04/jacobi/scripts
= Queue/Partition    : work
= Slurm account      : rzku with QOS=normal
= Features           : hwperf
= Requested resources: cpu=20,node=1,billing=20 for 02:00:00
= Elapsed runtime    : 00:03:24
= Total RAM usage    : 0.0 GiB 
= Node list          : m0101
= Subm/Elig/Start/End: 2023-12-10T12:16:42 / 2023-12-10T12:16:42 / 2023-12-10T12:16:43 / 2023-12-10T12:20:07
======================
=== Quota infos ======
    Path              Used     SoftQ    HardQ    Gracetime  Filec    FileQ    FiHaQ    FileGrace    
    /home/hpc          939.1M    52.4G   104.9G        N/A   5,916      500K   1,000K        N/A    
======================
