### Starting TaskPrologue of job 2207780 on m0676 at Sun Nov 26 14:20:42 CET 2023
#   SLURM_JOB_NODELIST=m0676
#   SLURM_JOB_NUM_NODES=1
#   SLURM_NTASKS=1
#   SLURM_NPROCS=1
#   SLURM_TASKS_PER_NODE=1
#   SLURM_JOB_CPUS_PER_NODE=20
#   SLURM_EXPORT_ENV=
Running on cores 0-19 with governor ondemand
### Finished TaskPrologue
=== JOB_STATISTICS ===
=== current date     : Sun Nov 26 14:22:58 CET 2023
= Job-ID             : 2207780 on meggie
= Job-Name           : CA_EX3_jacobi
= Job-Command        : ./meggie.sh
= Initial workdir    : /home/hpc/rzku/hpcv720h/ex_03/jacobi/scripts
= Queue/Partition    : work
= Slurm account      : rzku with QOS=normal
= Requested resources: cpu=20,node=1,billing=20 for 02:00:00
= Elapsed runtime    : 00:02:15
= Total RAM usage    : 32.0 GiB 
= Node list          : m0676
= Subm/Elig/Start/End: 2023-11-26T14:20:41 / 2023-11-26T14:20:41 / 2023-11-26T14:20:42 / 2023-11-26T14:22:57
======================
=== Quota infos ======
    Path              Used     SoftQ    HardQ    Gracetime  Filec    FileQ    FiHaQ    FileGrace    
    /home/hpc          170.0M    52.4G   104.9G        N/A   2,837      500K   1,000K        N/A    
    /home/vault          0.0K   524.3G  1048.6G        N/A       1      200K     400K        N/A    
======================
