+ set -v

# Load module with icc compiler
module load intel
+ module load intel
+ local _mlredir=0
+ '[' -n '' ']'
+ case " $@ " in
+ '[' 0 -eq 0 ']'
+ _module_raw load intel
++ /usr/bin/tclsh /apps/modules/modulecmd.tcl bash load intel
+ eval ''
+ _mlstatus=0
+ return 0

# TODO allocate a compute node

# This line creates / overrides a result csv file
echo "ArraySize,MegaUpdatesPerSecond,ActualRuntime,MinimalRuntime,EdgeSize" > result_1.csv
+ echo ArraySize,MegaUpdatesPerSecond,ActualRuntime,MinimalRuntime,EdgeSize

# TODO run benchmark 1
# execute measurement with for loop
# 32 measurement points, exponentially distributed: 1 KiB - 128 MiB, each with 1000 ms as minimal runtime
# results should be appended to the result.csv (see >> operator)

for i in {0..25}
do
    array_size=$((2**i))
    #echo $array_size
    srun ../bin/jacobivect $array_size 1000 >> result_1.csv
#srun ../bin/jacobiunroll 1 1000 >> result.csv
done
+ for i in {0..25}
+ array_size=1
+ srun ../bin/jacobivect 1 1000
+ for i in {0..25}
+ array_size=2
+ srun ../bin/jacobivect 2 1000
+ for i in {0..25}
+ array_size=4
+ srun ../bin/jacobivect 4 1000
+ for i in {0..25}
+ array_size=8
+ srun ../bin/jacobivect 8 1000
+ for i in {0..25}
+ array_size=16
+ srun ../bin/jacobivect 16 1000
+ for i in {0..25}
+ array_size=32
+ srun ../bin/jacobivect 32 1000
+ for i in {0..25}
+ array_size=64
+ srun ../bin/jacobivect 64 1000
+ for i in {0..25}
+ array_size=128
+ srun ../bin/jacobivect 128 1000
+ for i in {0..25}
+ array_size=256
+ srun ../bin/jacobivect 256 1000
+ for i in {0..25}
+ array_size=512
+ srun ../bin/jacobivect 512 1000
+ for i in {0..25}
+ array_size=1024
+ srun ../bin/jacobivect 1024 1000
+ for i in {0..25}
+ array_size=2048
+ srun ../bin/jacobivect 2048 1000
+ for i in {0..25}
+ array_size=4096
+ srun ../bin/jacobivect 4096 1000
+ for i in {0..25}
+ array_size=8192
+ srun ../bin/jacobivect 8192 1000
+ for i in {0..25}
+ array_size=16384
+ srun ../bin/jacobivect 16384 1000
+ for i in {0..25}
+ array_size=32768
+ srun ../bin/jacobivect 32768 1000
+ for i in {0..25}
+ array_size=65536
+ srun ../bin/jacobivect 65536 1000
+ for i in {0..25}
+ array_size=131072
+ srun ../bin/jacobivect 131072 1000
+ for i in {0..25}
+ array_size=262144
+ srun ../bin/jacobivect 262144 1000
+ for i in {0..25}
+ array_size=524288
+ srun ../bin/jacobivect 524288 1000
+ for i in {0..25}
+ array_size=1048576
+ srun ../bin/jacobivect 1048576 1000
+ for i in {0..25}
+ array_size=2097152
+ srun ../bin/jacobivect 2097152 1000
+ for i in {0..25}
+ array_size=4194304
+ srun ../bin/jacobivect 4194304 1000
+ for i in {0..25}
+ array_size=8388608
+ srun ../bin/jacobivect 8388608 1000
+ for i in {0..25}
+ array_size=16777216
+ srun ../bin/jacobivect 16777216 1000
+ for i in {0..25}
+ array_size=33554432
+ srun ../bin/jacobivect 33554432 1000
# Note: copy the result.csv to a local machine!

touch ready
+ touch ready

